<?xml version="1.0" encoding="UTF-8"?>
<!-- Generated by org.testng.reporters.JUnitXMLReporter -->
<testsuite hostname="Admins-MacBook-Pro.local" ignored="0" name="Default test" tests="2" failures="0" timestamp="2020-11-19T09:17:40 PST" time="11.609" errors="0">
  <testcase name="incorrectUsernameTest" time="7.63" classname="com.herokuapp.theinternet.NegativeTests"/>
  <testcase name="incorrectPasswordTest" time="3.93" classname="com.herokuapp.theinternet.NegativeTests"/>
</testsuite> <!-- Default test -->
