<?xml version="1.0" encoding="UTF-8"?>
<testng-results ignored="0" total="3" passed="3" failed="0" skipped="0">
  <reporter-output>
  </reporter-output>
  <suite started-at="2020-11-18T14:33:58 PST" name="ALLTests" finished-at="2020-11-18T14:34:23 PST" duration-ms="24855">
    <groups>
    </groups>
    <test started-at="2020-11-18T14:33:58 PST" name="PositiveTests" finished-at="2020-11-18T14:34:12 PST" duration-ms="13580">
      <class name="com.herokuapp.theinternet.PositiveTests">
        <test-method signature="loginTest()[pri:0, instance:com.herokuapp.theinternet.PositiveTests@7eac9008]" started-at="2020-11-18T14:33:58 PST" name="loginTest" finished-at="2020-11-18T14:34:12 PST" duration-ms="13545" status="PASS">
          <reporter-output>
          </reporter-output>
        </test-method> <!-- loginTest -->
      </class> <!-- com.herokuapp.theinternet.PositiveTests -->
    </test> <!-- PositiveTests -->
    <test started-at="2020-11-18T14:34:12 PST" name="NegativeTests" finished-at="2020-11-18T14:34:23 PST" duration-ms="11056">
      <class name="com.herokuapp.theinternet.NegativeTests">
        <test-method signature="incorrectPasswordTest()[pri:0, instance:com.herokuapp.theinternet.NegativeTests@2362f559]" started-at="2020-11-18T14:34:12 PST" name="incorrectPasswordTest" finished-at="2020-11-18T14:34:16 PST" duration-ms="3782" status="PASS">
          <reporter-output>
          </reporter-output>
        </test-method> <!-- incorrectPasswordTest -->
        <test-method signature="incorrectUsernameTest()[pri:0, instance:com.herokuapp.theinternet.NegativeTests@2362f559]" started-at="2020-11-18T14:34:16 PST" name="incorrectUsernameTest" finished-at="2020-11-18T14:34:23 PST" duration-ms="7271" status="PASS">
          <reporter-output>
          </reporter-output>
        </test-method> <!-- incorrectUsernameTest -->
      </class> <!-- com.herokuapp.theinternet.NegativeTests -->
    </test> <!-- NegativeTests -->
  </suite> <!-- ALLTests -->
</testng-results>
