<?xml version="1.0" encoding="UTF-8"?>
<!-- Generated by org.testng.reporters.JUnitXMLReporter -->
<testsuite hostname="Admins-MacBook-Pro.local" ignored="2" tests="0" failures="0" timestamp="2020-11-19T12:52:06 PST" time="0.011" errors="0">
  <testcase name="positiveLoginTest" time="0.0" classname="com.herokuapp.theinternet.LoginTests">
    <ignored/>
  </testcase> <!-- positiveLoginTest -->
  <testcase name="negativeLoginTest" time="0.0" classname="com.herokuapp.theinternet.LoginTests">
    <ignored/>
  </testcase> <!-- negativeLoginTest -->
</testsuite>
