<?xml version="1.0" encoding="UTF-8"?>
<!-- Generated by org.testng.reporters.JUnitXMLReporter -->
<testsuite hostname="Admins-MacBook-Pro.local" ignored="1" name="NegativeTests" tests="1" failures="0" timestamp="2020-11-19T09:17:55 PST" time="6.979" errors="0">
  <testcase name="incorrectUsernameTest" time="6.936" classname="com.herokuapp.theinternet.NegativeTests"/>
  <testcase name="incorrectPasswordTest" time="0.0" classname="com.herokuapp.theinternet.NegativeTests">
    <ignored/>
  </testcase> <!-- incorrectPasswordTest -->
</testsuite> <!-- NegativeTests -->
