<?xml version="1.0" encoding="UTF-8"?>
<!-- Generated by org.testng.reporters.JUnitXMLReporter -->
<testsuite hostname="Admins-MacBook-Pro.local" ignored="0" name="Default test" tests="2" failures="0" timestamp="2020-11-19T12:53:58 PST" time="19.993" errors="0">
  <testcase name="positiveLoginTest" time="13.377" classname="com.herokuapp.theinternet.LoginTests"/>
  <testcase name="negativeLoginTest" time="6.461" classname="com.herokuapp.theinternet.LoginTests"/>
</testsuite> <!-- Default test -->
