<?xml version="1.0" encoding="UTF-8"?>
<!-- Generated by org.testng.reporters.JUnitXMLReporter -->
<testsuite hostname="Admins-MacBook-Pro.local" ignored="1" name="PositiveTests" tests="1" failures="0" timestamp="2020-11-19T22:26:28 PST" time="5.478" errors="0">
  <testcase name="positiveLoginTest" time="2.508" classname="com.herokuapp.theinternet.LoginTests"/>
  <testcase name="negativeLoginTest" time="0.0" classname="com.herokuapp.theinternet.LoginTests">
    <ignored/>
  </testcase> <!-- negativeLoginTest -->
</testsuite> <!-- PositiveTests -->
