<?xml version="1.0" encoding="UTF-8"?>
<testng-results skipped="0" failed="0" ignored="0" total="1" passed="1">
  <reporter-output>
  </reporter-output>
  <suite name="Exeptions Tests Suite" duration-ms="11967" started-at="2020-11-20T16:55:33 PST" finished-at="2020-11-20T16:55:45 PST">
    <groups>
    </groups>
    <test name="Exceptions Test" duration-ms="11967" started-at="2020-11-20T16:55:33 PST" finished-at="2020-11-20T16:55:45 PST">
      <class name="com.herokuapp.theinternet.ExeptionsTests">
        <test-method status="PASS" signature="setUp(java.lang.String)[pri:0, instance:com.herokuapp.theinternet.ExeptionsTests@48503868]" name="setUp" is-config="true" duration-ms="5406" started-at="2020-11-20T16:55:33 PST" finished-at="2020-11-20T16:55:38 PST">
          <params>
            <param index="0">
              <value>
                <![CDATA[chrome]]>
              </value>
            </param>
          </params>
          <reporter-output>
          </reporter-output>
        </test-method> <!-- setUp -->
        <test-method status="PASS" signature="timeoutTest()[pri:0, instance:com.herokuapp.theinternet.ExeptionsTests@48503868]" name="timeoutTest" duration-ms="6368" started-at="2020-11-20T16:55:38 PST" finished-at="2020-11-20T16:55:45 PST">
          <reporter-output>
          </reporter-output>
        </test-method> <!-- timeoutTest -->
        <test-method status="PASS" signature="tearDown()[pri:0, instance:com.herokuapp.theinternet.ExeptionsTests@48503868]" name="tearDown" is-config="true" duration-ms="145" started-at="2020-11-20T16:55:45 PST" finished-at="2020-11-20T16:55:45 PST">
          <reporter-output>
          </reporter-output>
        </test-method> <!-- tearDown -->
      </class> <!-- com.herokuapp.theinternet.ExeptionsTests -->
    </test> <!-- Exceptions Test -->
  </suite> <!-- Exeptions Tests Suite -->
</testng-results>
